mode: set
github.com/scompo/data-management/projects/project.go:51.35,53.2 1 1
github.com/scompo/data-management/projects/project.go:55.40,57.2 1 0
github.com/scompo/data-management/projects/project.go:59.45,61.2 1 1
github.com/scompo/data-management/projects/project.go:73.43,76.2 2 0
github.com/scompo/data-management/projects/project.go:80.28,81.20 1 1
github.com/scompo/data-management/projects/project.go:84.2,85.16 2 1
github.com/scompo/data-management/projects/project.go:88.2,90.12 3 1
github.com/scompo/data-management/projects/project.go:81.20,83.3 1 1
github.com/scompo/data-management/projects/project.go:85.16,87.3 1 0
github.com/scompo/data-management/projects/project.go:93.31,95.16 2 1
github.com/scompo/data-management/projects/project.go:98.2,99.28 2 1
github.com/scompo/data-management/projects/project.go:95.16,97.3 1 0
github.com/scompo/data-management/projects/project.go:102.39,105.16 3 1
github.com/scompo/data-management/projects/project.go:111.2,113.18 3 1
github.com/scompo/data-management/projects/project.go:105.16,106.25 1 1
github.com/scompo/data-management/projects/project.go:109.3,109.18 1 0
github.com/scompo/data-management/projects/project.go:106.25,108.4 1 1
github.com/scompo/data-management/projects/project.go:116.38,118.16 2 1
github.com/scompo/data-management/projects/project.go:121.2,122.25 2 1
github.com/scompo/data-management/projects/project.go:118.16,120.3 1 0
github.com/scompo/data-management/projects/project.go:125.42,127.2 1 1
github.com/scompo/data-management/projects/project.go:129.42,131.2 1 1
github.com/scompo/data-management/projects/project.go:134.32,135.18 1 1
github.com/scompo/data-management/projects/project.go:154.2,154.12 1 0
github.com/scompo/data-management/projects/project.go:135.18,137.17 2 1
github.com/scompo/data-management/projects/project.go:140.3,141.24 2 1
github.com/scompo/data-management/projects/project.go:147.3,149.17 3 1
github.com/scompo/data-management/projects/project.go:152.3,152.32 1 1
github.com/scompo/data-management/projects/project.go:137.17,139.4 1 0
github.com/scompo/data-management/projects/project.go:141.24,142.22 1 1
github.com/scompo/data-management/projects/project.go:142.22,144.10 2 1
github.com/scompo/data-management/projects/project.go:149.17,151.4 1 0
github.com/scompo/data-management/projects/project.go:158.22,160.16 2 1
github.com/scompo/data-management/projects/project.go:165.2,165.11 1 1
github.com/scompo/data-management/projects/project.go:160.16,162.3 1 0
github.com/scompo/data-management/projects/project.go:162.3,164.3 1 1
github.com/scompo/data-management/projects/project.go:169.40,170.19 1 1
github.com/scompo/data-management/projects/project.go:173.2,174.27 2 1
github.com/scompo/data-management/projects/project.go:179.2,179.53 1 0
github.com/scompo/data-management/projects/project.go:170.19,172.3 1 0
github.com/scompo/data-management/projects/project.go:174.27,175.23 1 1
github.com/scompo/data-management/projects/project.go:175.23,177.4 1 1
github.com/scompo/data-management/projects/project.go:183.31,185.27 2 1
github.com/scompo/data-management/projects/project.go:190.2,190.14 1 1
github.com/scompo/data-management/projects/project.go:185.27,186.23 1 1
github.com/scompo/data-management/projects/project.go:186.23,188.4 1 1
